010478001142050421BVE5Kpn<0x1D>93RUI4 | 16.06.2021 20:29:52
010478001142050421Z"tD1aW<0x1D>93SEli | 16.06.2021 20:29:52
010478001142050421Z"tD1aW<0x1D>93SEli | 16.06.2021 20:29:52
010478001142050421Z"tD1aW<0x1D>93SEli | 16.06.2021 20:29:52
010478001142050421BVE5Kpn<0x1D>93RUI4 | 16.06.2021 20:29:52
010478001142050421Z"tD1aW<0x1D>93SEli | 16.06.2021 20:29:52
010478001142050421Z"tD1aW<0x1D>93SEli | 16.06.2021 20:29:53
010478001142050421pAjvo2K<0x1D>93YUMw | 16.06.2021 20:29:53
010478001142050421IS;XBs1<0x1D>93OXhN | 16.06.2021 20:29:53
010478001142050421X.2ha%g<0x1D>93WXdG | 16.06.2021 20:29:53
010478001142050421X?'Qhid<0x1D>93RXRo | 16.06.2021 20:29:53
010478001142050421lGJk!Cf<0x1D>93THNL | 16.06.2021 20:30:17
010478001142050421lGJk!Cf<0x1D>93THNL | 16.06.2021 20:30:17
010478001142050421lGJk!Cf<0x1D>93THNL | 16.06.2021 20:30:17
010478001142050421lGJk!Cf<0x1D>93THNL | 16.06.2021 20:30:17
010478001142050421lGJk!Cf<0x1D>93THNL | 16.06.2021 20:30:18
010478001142050421lGJk!Cf<0x1D>93THNL | 16.06.2021 20:30:18
010478001142050421lGJk!Cf<0x1D>93THNL | 16.06.2021 20:30:18
010478001142050421lGJk!Cf<0x1D>93THNL | 16.06.2021 20:30:18
010478001142050421lGJk!Cf<0x1D>93THNL | 16.06.2021 20:30:18
010478001142050421lGJk!Cf<0x1D>93THNL | 16.06.2021 20:30:19
010478001142050421lGJk!Cf<0x1D>93THNL | 16.06.2021 20:30:19
010478001142050421lGJk!Cf<0x1D>93THNL | 16.06.2021 20:30:19
010478001142050421lGJk!Cf<0x1D>93THNL | 16.06.2021 20:30:19
010478001142050421lGJk!Cf<0x1D>93THNL | 16.06.2021 20:30:20
010478001142050421lGJk!Cf<0x1D>93THNL | 16.06.2021 20:30:20
010478001142050421lGJk!Cf<0x1D>93THNL | 16.06.2021 20:30:21
010478001142050421lGJk!Cf<0x1D>93THNL | 16.06.2021 20:30:21
010478001142050421lGJk!Cf<0x1D>93THNL | 16.06.2021 20:30:21
010478001142050421lGJk!Cf<0x1D>93THNL | 16.06.2021 20:30:22
010478001142050421lGJk!Cf<0x1D>93THNL | 16.06.2021 20:30:22
010478001142050421_ch0ZPP<0x1D>93TCt0 | 16.06.2021 20:34:57
010478001142050421_ch0ZPP<0x1D>93TCt0 | 16.06.2021 20:34:58
010478001142050421D_Tdqf7<0x1D>93dXlh | 16.06.2021 20:34:58
010478001142050421D_Tdqf7<0x1D>93dXlh | 16.06.2021 20:34:58
010478001142050421D_Tdqf7<0x1D>93dXlh | 16.06.2021 20:34:58
010478001142050421D_Tdqf7<0x1D>93dXlh | 16.06.2021 20:34:58
010478001142050421D_Tdqf7<0x1D>93dXlh | 16.06.2021 20:34:59
010478001142050421D_Tdqf7<0x1D>93dXlh | 16.06.2021 20:34:59
010478001142050421D_Tdqf7<0x1D>93dXlh | 16.06.2021 20:34:59
010478001142050421D_Tdqf7<0x1D>93dXlh | 16.06.2021 20:34:59
010478001142050421D_Tdqf7<0x1D>93dXlh | 16.06.2021 20:34:59
010478001142050421D_Tdqf7<0x1D>93dXlh | 16.06.2021 20:35:00
010478001142050421D_Tdqf7<0x1D>93dXlh | 16.06.2021 20:35:00
010478001142050421D_Tdqf7<0x1D>93dXlh | 16.06.2021 20:35:00
010478001142050421D_Tdqf7<0x1D>93dXlh | 16.06.2021 20:35:00
010478001142050421D_Tdqf7<0x1D>93dXlh | 16.06.2021 20:35:00
010478001142050421D_Tdqf7<0x1D>93dXlh | 16.06.2021 20:35:01
010478001142050421D_Tdqf7<0x1D>93dXlh | 16.06.2021 20:35:01
010478001142050421D_Tdqf7<0x1D>93dXlh | 16.06.2021 20:35:01
010478001142050421D_Tdqf7<0x1D>93dXlh | 16.06.2021 20:35:01
010478001142050421D_Tdqf7<0x1D>93dXlh | 16.06.2021 20:35:01
010478001142050421D_Tdqf7<0x1D>93dXlh | 16.06.2021 20:35:02
010478001142050421D_Tdqf7<0x1D>93dXlh | 16.06.2021 20:35:02
010478001142050421D_Tdqf7<0x1D>93dXlh | 16.06.2021 20:35:02
010478001142050421D_Tdqf7<0x1D>93dXlh | 16.06.2021 20:35:02
010478001142050421D_Tdqf7<0x1D>93dXlh | 16.06.2021 20:35:02
010478001142050421D_Tdqf7<0x1D>93dXlh | 16.06.2021 20:35:03
010478001142050421D_Tdqf7<0x1D>93dXlh | 16.06.2021 20:35:03
010478001142050421D_Tdqf7<0x1D>93dXlh | 16.06.2021 20:35:03
010478001142050421D_Tdqf7<0x1D>93dXlh | 16.06.2021 20:35:03
010478001142050421D_Tdqf7<0x1D>93dXlh | 16.06.2021 20:35:03
010478001142050421D_Tdqf7<0x1D>93dXlh | 16.06.2021 20:35:04
010478001142050421D_Tdqf7<0x1D>93dXlh | 16.06.2021 20:35:04
010478001142050421D_Tdqf7<0x1D>93dXlh | 16.06.2021 20:35:04
010478001142050421D_Tdqf7<0x1D>93dXlh | 16.06.2021 20:35:04
010478001142050421D_Tdqf7<0x1D>93dXlh | 16.06.2021 20:35:04
010478001142050421D_Tdqf7<0x1D>93dXlh | 16.06.2021 20:35:05
010478001142050421D_Tdqf7<0x1D>93dXlh | 16.06.2021 20:35:05
010478001142050421D_Tdqf7<0x1D>93dXlh | 16.06.2021 20:35:05
010478001142050421D_Tdqf7<0x1D>93dXlh | 16.06.2021 20:35:05
010478001142050421D_Tdqf7<0x1D>93dXlh | 16.06.2021 20:35:05
010478001142050421D_Tdqf7<0x1D>93dXlh | 16.06.2021 20:35:06
010478001142050421D_Tdqf7<0x1D>93dXlh | 16.06.2021 20:35:06
010478001142050421D_Tdqf7<0x1D>93dXlh | 16.06.2021 20:35:06
010478001142050421D_Tdqf7<0x1D>93dXlh | 16.06.2021 20:35:06
010478001142050421D_Tdqf7<0x1D>93dXlh | 16.06.2021 20:35:06
010478001142050421D_Tdqf7<0x1D>93dXlh | 16.06.2021 20:35:07
010478001142050421D_Tdqf7<0x1D>93dXlh | 16.06.2021 20:35:07
010478001142050421D_Tdqf7<0x1D>93dXlh | 16.06.2021 20:35:07
010478001142050421D_Tdqf7<0x1D>93dXlh | 16.06.2021 20:35:07
010478001142050421D_Tdqf7<0x1D>93dXlh | 16.06.2021 20:35:07
010478001142050421D_Tdqf7<0x1D>93dXlh | 16.06.2021 20:35:08
010478001142050421D_Tdqf7<0x1D>93dXlh | 16.06.2021 20:35:08
010478001142050421D_Tdqf7<0x1D>93dXlh | 16.06.2021 20:35:08
010478001142050421D_Tdqf7<0x1D>93dXlh | 16.06.2021 20:35:08
010478001142050421D_Tdqf7<0x1D>93dXlh | 16.06.2021 20:35:08
010478001142050421D_Tdqf7<0x1D>93dXlh | 16.06.2021 20:35:09
010478001142050421D_Tdqf7<0x1D>93dXlh | 16.06.2021 20:35:09
010478001142050421:a(KJbu<0x1D>93WElQ | 01.07.2021 17:14:19
010478001142050421:a(KJbu<0x1D>93WElQ | 01.07.2021 17:14:20
010478001142050421:a(KJbu<0x1D>93WElQ | 01.07.2021 17:14:21
010478001142050421kFWPbW><0x1D>93S2xz | 01.07.2021 17:14:21
010478001142050421kFWPbW><0x1D>93S2xz | 01.07.2021 17:14:22
010478001142050421OH3Looh<0x1D>93K1Zi | 01.07.2021 17:14:22
010478001142050421OH3Looh<0x1D>93K1Zi | 01.07.2021 17:14:23
010478001142050421lPvx/)o<0x1D>93RldL | 01.07.2021 17:14:23
010478001142050421kFWPbW><0x1D>93S2xz | 01.07.2021 17:14:23
010478001142050421Fu;Tbpw<0x1D>93TWFC | 01.07.2021 17:14:23
010478001142050421kFWPbW><0x1D>93S2xz | 01.07.2021 17:14:24
010478001142050421OH3Looh<0x1D>93K1Zi | 01.07.2021 17:14:24
010478001142050421lPvx/)o<0x1D>93RldL | 01.07.2021 17:14:24
010478001142050421OH3Looh<0x1D>93K1Zi | 01.07.2021 17:14:24
010478001142050421OH3Looh<0x1D>93K1Zi | 01.07.2021 17:14:25
010478001142050421OH3Looh<0x1D>93K1Zi | 01.07.2021 17:14:25
010478001142050421OH3Looh<0x1D>93K1Zi | 01.07.2021 17:14:25
010478001142050421OH3Looh<0x1D>93K1Zi | 01.07.2021 17:14:25
010478001142050421OH3Looh<0x1D>93K1Zi | 01.07.2021 17:14:26
010478001142050421OH3Looh<0x1D>93K1Zi | 01.07.2021 17:14:26
010478001142050421OH3Looh<0x1D>93K1Zi | 01.07.2021 17:14:26
010478001142050421OH3Looh<0x1D>93K1Zi | 01.07.2021 17:14:26
010478001142050421OH3Looh<0x1D>93K1Zi | 01.07.2021 17:14:27
010478001142050421OH3Looh<0x1D>93K1Zi | 01.07.2021 17:14:27
010478001142050421OH3Looh<0x1D>93K1Zi | 01.07.2021 17:14:27
010478001142050421OH3Looh<0x1D>93K1Zi | 01.07.2021 17:14:27
010478001142050421OH3Looh<0x1D>93K1Zi | 01.07.2021 17:14:27
010478001142050421OH3Looh<0x1D>93K1Zi | 01.07.2021 17:14:28
010478001142050421OH3Looh<0x1D>93K1Zi | 01.07.2021 17:14:28
010478001142050421OH3Looh<0x1D>93K1Zi | 01.07.2021 17:14:28
010478001142050421OH3Looh<0x1D>93K1Zi | 01.07.2021 17:14:28
010478001142050421OH3Looh<0x1D>93K1Zi | 01.07.2021 17:14:29
010478001142050421OH3Looh<0x1D>93K1Zi | 01.07.2021 17:14:29
010478001142050421OH3Looh<0x1D>93K1Zi | 01.07.2021 17:14:29
010478001142050421OH3Looh<0x1D>93K1Zi | 01.07.2021 17:14:29
010478001142050421OH3Looh<0x1D>93K1Zi | 01.07.2021 17:14:31
010478001142050421Fu;Tbpw<0x1D>93TWFC | 01.07.2021 17:14:34
010478001142050421kFWPbW><0x1D>93S2xz | 01.07.2021 17:14:35
010478001142050421OH3Looh<0x1D>93K1Zi | 01.07.2021 17:14:35
010478001142050421kFWPbW><0x1D>93S2xz | 01.07.2021 17:14:35
010478001142050421kFWPbW><0x1D>93S2xz | 01.07.2021 17:14:35
010478001142050421kFWPbW><0x1D>93S2xz | 01.07.2021 17:14:35
010478001142050421OH3Looh<0x1D>93K1Zi | 01.07.2021 17:14:35
010478001142050421OH3Looh<0x1D>93K1Zi | 01.07.2021 17:14:36
010478001142050421OH3Looh<0x1D>93K1Zi | 01.07.2021 17:14:36
010478001142050421OH3Looh<0x1D>93K1Zi | 01.07.2021 17:14:37
010478001142050421kFWPbW><0x1D>93S2xz | 01.07.2021 17:14:37
010478001142050421kFWPbW><0x1D>93S2xz | 01.07.2021 17:14:38
010478001142050421OH3Looh<0x1D>93K1Zi | 01.07.2021 17:14:38
010478001142050421kFWPbW><0x1D>93S2xz | 01.07.2021 17:14:38
010478001142050421OH3Looh<0x1D>93K1Zi | 01.07.2021 17:14:38
010478001142050421kFWPbW><0x1D>93S2xz | 01.07.2021 17:14:39
010478001142050421OH3Looh<0x1D>93K1Zi | 01.07.2021 17:14:40
010478001142050421OH3Looh<0x1D>93K1Zi | 01.07.2021 17:14:40
010478001142050421OH3Looh<0x1D>93K1Zi | 01.07.2021 17:14:40
010478001142050421OH3Looh<0x1D>93K1Zi | 01.07.2021 17:14:41
010478001142050421OH3Looh<0x1D>93K1Zi | 01.07.2021 17:14:41
010478001142050421OH3Looh<0x1D>93K1Zi | 01.07.2021 17:14:41
010478001142050421BfUZf>E<0x1D>93SHdC | 01.07.2021 17:14:41
010478001142050421RMBvF4T<0x1D>93a0kr | 01.07.2021 17:14:41
010478001142050421tAGIFlp<0x1D>93OHpt | 01.07.2021 17:14:42
010478001142050421UCb>tom<0x1D>93UkJH | 01.07.2021 17:14:42
010478001142050421UCb>tom<0x1D>93UkJH | 01.07.2021 17:14:42
010478001142050421UCb>tom<0x1D>93UkJH | 01.07.2021 17:14:42
010478001142050421tAGIFlp<0x1D>93OHpt | 01.07.2021 17:14:42
010478001142050421RMBvF4T<0x1D>93a0kr | 01.07.2021 17:14:43
010478001142050421tAGIFlp<0x1D>93OHpt | 01.07.2021 17:14:43
010478001142050421tAGIFlp<0x1D>93OHpt | 01.07.2021 17:14:43
010478001142050421tAGIFlp<0x1D>93OHpt | 01.07.2021 17:14:43
010478001142050421tAGIFlp<0x1D>93OHpt | 01.07.2021 17:14:43
010478001142050421tAGIFlp<0x1D>93OHpt | 01.07.2021 17:14:44
010478001142050421UCb>tom<0x1D>93UkJH | 01.07.2021 17:14:44
010478001142050421UCb>tom<0x1D>93UkJH | 01.07.2021 17:14:44
010478001142050421UCb>tom<0x1D>93UkJH | 01.07.2021 17:14:44
010478001142050421tAGIFlp<0x1D>93OHpt | 01.07.2021 17:14:44
010478001142050421UCb>tom<0x1D>93UkJH | 01.07.2021 17:14:45
010478001142050421UCb>tom<0x1D>93UkJH | 01.07.2021 17:14:45
010478001142050421tAGIFlp<0x1D>93OHpt | 01.07.2021 17:14:45
010478001142050421UCb>tom<0x1D>93UkJH | 01.07.2021 17:14:45
010478001142050421UCb>tom<0x1D>93UkJH | 01.07.2021 17:14:45
010478001142050421UCb>tom<0x1D>93UkJH | 01.07.2021 17:14:46
010478001142050421tAGIFlp<0x1D>93OHpt | 01.07.2021 17:14:46
010478001142050421UCb>tom<0x1D>93UkJH | 01.07.2021 17:14:46
010478001142050421UCb>tom<0x1D>93UkJH | 01.07.2021 17:14:46
010478001142050421UCb>tom<0x1D>93UkJH | 01.07.2021 17:14:46
010478001142050421tAGIFlp<0x1D>93OHpt | 01.07.2021 17:14:47
010478001142050421tAGIFlp<0x1D>93OHpt | 01.07.2021 17:14:47
010478001142050421tAGIFlp<0x1D>93OHpt | 01.07.2021 17:14:47
010478001142050421UCb>tom<0x1D>93UkJH | 01.07.2021 17:14:47
010478001142050421tAGIFlp<0x1D>93OHpt | 01.07.2021 17:14:47
010478001142050421tAGIFlp<0x1D>93OHpt | 01.07.2021 17:14:48
010478001142050421UCb>tom<0x1D>93UkJH | 01.07.2021 17:14:48
010478001142050421tAGIFlp<0x1D>93OHpt | 01.07.2021 17:14:48
010478001142050421tAGIFlp<0x1D>93OHpt | 01.07.2021 17:14:48
010478001142050421tAGIFlp<0x1D>93OHpt | 01.07.2021 17:14:48
010478001142050421UCb>tom<0x1D>93UkJH | 01.07.2021 17:14:49
010478001142050421tAGIFlp<0x1D>93OHpt | 01.07.2021 17:14:49
010478001142050421RMBvF4T<0x1D>93a0kr | 01.07.2021 17:14:49
010478001142050421RMBvF4T<0x1D>93a0kr | 01.07.2021 17:14:49
010478001142050421RMBvF4T<0x1D>93a0kr | 01.07.2021 17:14:49
010478001142050421RMBvF4T<0x1D>93a0kr | 01.07.2021 17:14:50
010478001142050421UCb>tom<0x1D>93UkJH | 01.07.2021 17:14:50
010478001142050421tAGIFlp<0x1D>93OHpt | 01.07.2021 17:14:50
010478001142050421RMBvF4T<0x1D>93a0kr | 01.07.2021 17:14:50
010478001142050421tAGIFlp<0x1D>93OHpt | 01.07.2021 17:14:50
010478001142050421UCb>tom<0x1D>93UkJH | 01.07.2021 17:14:51
010478001142050421RMBvF4T<0x1D>93a0kr | 01.07.2021 17:14:51
010478001142050421tAGIFlp<0x1D>93OHpt | 01.07.2021 17:14:51
010478001142050421UCb>tom<0x1D>93UkJH | 01.07.2021 17:14:51
010478001142050421tAGIFlp<0x1D>93OHpt | 01.07.2021 17:14:51
010478001142050421UCb>tom<0x1D>93UkJH | 01.07.2021 17:14:52
010478001142050421tAGIFlp<0x1D>93OHpt | 01.07.2021 17:14:52
010478001142050421UCb>tom<0x1D>93UkJH | 01.07.2021 17:14:52
010478001142050421tAGIFlp<0x1D>93OHpt | 01.07.2021 17:14:52
010478001142050421RMBvF4T<0x1D>93a0kr | 01.07.2021 17:14:52
010478001142050421RMBvF4T<0x1D>93a0kr | 01.07.2021 17:14:53
010478001142050421UCb>tom<0x1D>93UkJH | 01.07.2021 17:14:53
010478001142050421UCb>tom<0x1D>93UkJH | 01.07.2021 17:14:53
010478001142050421tAGIFlp<0x1D>93OHpt | 01.07.2021 17:14:53
010478001142050421UCb>tom<0x1D>93UkJH | 01.07.2021 17:14:53
010478001142050421UCb>tom<0x1D>93UkJH | 01.07.2021 17:14:54
010478001142050421tAGIFlp<0x1D>93OHpt | 01.07.2021 17:14:54
010478001142050421tAGIFlp<0x1D>93OHpt | 01.07.2021 17:14:54
010478001142050421UCb>tom<0x1D>93UkJH | 01.07.2021 17:14:54
010478001142050421tAGIFlp<0x1D>93OHpt | 01.07.2021 17:14:54
010478001142050421tAGIFlp<0x1D>93OHpt | 01.07.2021 17:14:55
010478001142050421tAGIFlp<0x1D>93OHpt | 01.07.2021 17:14:55
010478001142050421UCb>tom<0x1D>93UkJH | 01.07.2021 17:14:55
010478001142050421UCb>tom<0x1D>93UkJH | 01.07.2021 17:14:55
010478001142050421tAGIFlp<0x1D>93OHpt | 01.07.2021 17:14:55
010478001142050421UCb>tom<0x1D>93UkJH | 01.07.2021 17:14:56
010478001142050421RMBvF4T<0x1D>93a0kr | 01.07.2021 17:14:56
010478001142050421tAGIFlp<0x1D>93OHpt | 01.07.2021 17:14:56
010478001142050421tAGIFlp<0x1D>93OHpt | 01.07.2021 17:14:56
010478001142050421RMBvF4T<0x1D>93a0kr | 01.07.2021 17:14:56
010478001142050421tAGIFlp<0x1D>93OHpt | 01.07.2021 17:14:57
010478001142050421tAGIFlp<0x1D>93OHpt | 01.07.2021 17:14:57
010478001142050421UCb>tom<0x1D>93UkJH | 01.07.2021 17:14:57
010478001142050421tAGIFlp<0x1D>93OHpt | 01.07.2021 17:14:57
010478001142050421tAGIFlp<0x1D>93OHpt | 01.07.2021 17:14:57
010478001142050421UCb>tom<0x1D>93UkJH | 01.07.2021 17:14:58
010478001142050421RMBvF4T<0x1D>93a0kr | 01.07.2021 17:14:58
010478001142050421UCb>tom<0x1D>93UkJH | 01.07.2021 17:14:58
010478001142050421K7C<U)(<0x1D>93NTVS | 01.07.2021 17:14:58
010478001142050421K7C<U)(<0x1D>93NTVS | 01.07.2021 17:14:58
010478001142050421K7C<U)(<0x1D>93NTVS | 01.07.2021 17:14:59
010478001142050421UCb>tom<0x1D>93UkJH | 01.07.2021 17:14:59
010478001142050421UCb>tom<0x1D>93UkJH | 01.07.2021 17:14:59
010478001142050421_P7hROO<0x1D>93bS9m | 01.07.2021 17:15:00
010478001142050421_P7hROO<0x1D>93bS9m | 01.07.2021 17:15:00
010478001142050421ukmIoKi<0x1D>93VVRP | 01.07.2021 17:15:00
010478001142050421K7C<U)(<0x1D>93NTVS | 01.07.2021 17:15:00
010478001142050421K7C<U)(<0x1D>93NTVS | 01.07.2021 17:15:00
010478001142050421UCb>tom<0x1D>93UkJH | 01.07.2021 17:15:01
010478001142050421K7C<U)(<0x1D>93NTVS | 01.07.2021 17:15:01
010478001142050421K7C<U)(<0x1D>93NTVS | 01.07.2021 17:15:01
010478001142050421K7C<U)(<0x1D>93NTVS | 01.07.2021 17:15:01
010478001142050421K7C<U)(<0x1D>93NTVS | 01.07.2021 17:15:01
010478001142050421K7C<U)(<0x1D>93NTVS | 01.07.2021 17:15:02
010478001142050421K7C<U)(<0x1D>93NTVS | 01.07.2021 17:15:02
010478001142050421K7C<U)(<0x1D>93NTVS | 01.07.2021 17:15:02
010478001142050421K7C<U)(<0x1D>93NTVS | 01.07.2021 17:15:02
010478001142050421K7C<U)(<0x1D>93NTVS | 01.07.2021 17:15:02
010478001142050421K7C<U)(<0x1D>93NTVS | 01.07.2021 17:15:03
010478001142050421K7C<U)(<0x1D>93NTVS | 01.07.2021 17:15:03
010478001142050421K7C<U)(<0x1D>93NTVS | 01.07.2021 17:15:03
010478001142050421K7C<U)(<0x1D>93NTVS | 01.07.2021 17:15:03
010478001142050421K7C<U)(<0x1D>93NTVS | 01.07.2021 17:15:03
010478001142050421K7C<U)(<0x1D>93NTVS | 01.07.2021 17:15:04
010478001142050421K7C<U)(<0x1D>93NTVS | 01.07.2021 17:15:04
010478001142050421K7C<U)(<0x1D>93NTVS | 01.07.2021 17:15:04
010478001142050421K7C<U)(<0x1D>93NTVS | 01.07.2021 17:15:04
010478001142050421K7C<U)(<0x1D>93NTVS | 01.07.2021 17:15:04
010478001142050421K7C<U)(<0x1D>93NTVS | 01.07.2021 17:15:05
010478001142050421K7C<U)(<0x1D>93NTVS | 01.07.2021 17:15:05
010478001142050421K7C<U)(<0x1D>93NTVS | 01.07.2021 17:15:05
010478001142050421K7C<U)(<0x1D>93NTVS | 01.07.2021 17:15:05
010478001142050421K7C<U)(<0x1D>93NTVS | 01.07.2021 17:15:05
010478001142050421K7C<U)(<0x1D>93NTVS | 01.07.2021 17:15:06
010478001142050421K7C<U)(<0x1D>93NTVS | 01.07.2021 17:15:06
010478001142050421K7C<U)(<0x1D>93NTVS | 01.07.2021 17:15:06
010478001142050421K7C<U)(<0x1D>93NTVS | 01.07.2021 17:15:06
010478001142050421K7C<U)(<0x1D>93NTVS | 01.07.2021 17:15:06
010478001142050421K7C<U)(<0x1D>93NTVS | 01.07.2021 17:15:07
010478001142050421K7C<U)(<0x1D>93NTVS | 01.07.2021 17:15:07
010478001142050421K7C<U)(<0x1D>93NTVS | 01.07.2021 17:15:07
010478001142050421K7C<U)(<0x1D>93NTVS | 01.07.2021 17:15:07
010478001142050421K7C<U)(<0x1D>93NTVS | 01.07.2021 17:15:07
010478001142050421K7C<U)(<0x1D>93NTVS | 01.07.2021 17:15:08
010478001142050421K7C<U)(<0x1D>93NTVS | 01.07.2021 17:15:08
010478001142050421K7C<U)(<0x1D>93NTVS | 01.07.2021 17:15:08
010478001142050421K7C<U)(<0x1D>93NTVS | 01.07.2021 17:15:08
010478001142050421K7C<U)(<0x1D>93NTVS | 01.07.2021 17:15:08
010478001142050421K7C<U)(<0x1D>93NTVS | 01.07.2021 17:15:09
010478001142050421K7C<U)(<0x1D>93NTVS | 01.07.2021 17:15:09
010478001142050421K7C<U)(<0x1D>93NTVS | 01.07.2021 17:15:09
010478001142050421K7C<U)(<0x1D>93NTVS | 01.07.2021 17:15:09
010478001142050421K7C<U)(<0x1D>93NTVS | 01.07.2021 17:15:09
010478001142050421K7C<U)(<0x1D>93NTVS | 01.07.2021 17:15:10
010478001142050421K7C<U)(<0x1D>93NTVS | 01.07.2021 17:15:10
010478001142050421K7C<U)(<0x1D>93NTVS | 01.07.2021 17:15:10
010478001142050421K7C<U)(<0x1D>93NTVS | 01.07.2021 17:15:10
010478001142050421K7C<U)(<0x1D>93NTVS | 01.07.2021 17:15:10
010478001142050421K7C<U)(<0x1D>93NTVS | 01.07.2021 17:15:11
010478001142050421K7C<U)(<0x1D>93NTVS | 01.07.2021 17:15:11
010478001142050421K7C<U)(<0x1D>93NTVS | 01.07.2021 17:15:11
010478001142050421K7C<U)(<0x1D>93NTVS | 01.07.2021 17:15:11
010478001142050421K7C<U)(<0x1D>93NTVS | 01.07.2021 17:15:11
010478001142050421K7C<U)(<0x1D>93NTVS | 01.07.2021 17:15:12
010478001142050421K7C<U)(<0x1D>93NTVS | 01.07.2021 17:15:12
010478001142050421K7C<U)(<0x1D>93NTVS | 01.07.2021 17:15:12
010478001142050421K7C<U)(<0x1D>93NTVS | 01.07.2021 17:15:12
010478001142050421K7C<U)(<0x1D>93NTVS | 01.07.2021 17:15:12
010478001142050421K7C<U)(<0x1D>93NTVS | 01.07.2021 17:15:13
010478001142050421UCb>tom<0x1D>93UkJH | 01.07.2021 17:15:13
010478001142050421K7C<U)(<0x1D>93NTVS | 01.07.2021 17:15:13
010478001142050421K7C<U)(<0x1D>93NTVS | 01.07.2021 17:15:13
010478001142050421K7C<U)(<0x1D>93NTVS | 01.07.2021 17:15:13
010478001142050421K7C<U)(<0x1D>93NTVS | 01.07.2021 17:15:14
010478001142050421K7C<U)(<0x1D>93NTVS | 01.07.2021 17:15:14
010478001142050421K7C<U)(<0x1D>93NTVS | 01.07.2021 17:15:14
010478001142050421K7C<U)(<0x1D>93NTVS | 01.07.2021 17:15:14
010478001142050421K7C<U)(<0x1D>93NTVS | 01.07.2021 17:15:14
010478001142050421K7C<U)(<0x1D>93NTVS | 01.07.2021 17:15:15
010478001142050421K7C<U)(<0x1D>93NTVS | 01.07.2021 17:15:15
010478001142050421K7C<U)(<0x1D>93NTVS | 01.07.2021 17:15:15
010478001142050421K7C<U)(<0x1D>93NTVS | 01.07.2021 17:15:15
010478001142050421K7C<U)(<0x1D>93NTVS | 01.07.2021 17:15:15
010478001142050421K7C<U)(<0x1D>93NTVS | 01.07.2021 17:15:16
010478001142050421K7C<U)(<0x1D>93NTVS | 01.07.2021 17:15:16
010478001142050421K7C<U)(<0x1D>93NTVS | 01.07.2021 17:15:16
010478001142050421K7C<U)(<0x1D>93NTVS | 01.07.2021 17:15:16
010478001142050421K7C<U)(<0x1D>93NTVS | 01.07.2021 17:15:16
010478001142050421K7C<U)(<0x1D>93NTVS | 01.07.2021 17:15:17
010478001142050421K7C<U)(<0x1D>93NTVS | 01.07.2021 17:15:17
010478001142050421K7C<U)(<0x1D>93NTVS | 01.07.2021 17:15:17
010478001142050421K7C<U)(<0x1D>93NTVS | 01.07.2021 17:15:17
010478001142050421K7C<U)(<0x1D>93NTVS | 01.07.2021 17:15:17
010478001142050421K7C<U)(<0x1D>93NTVS | 01.07.2021 17:15:18
010478001142050421K7C<U)(<0x1D>93NTVS | 01.07.2021 17:15:18
010478001142050421K7C<U)(<0x1D>93NTVS | 01.07.2021 17:15:18
010478001142050421K7C<U)(<0x1D>93NTVS | 01.07.2021 17:15:18
010478001142050421K7C<U)(<0x1D>93NTVS | 01.07.2021 17:15:18
010478001142050421K7C<U)(<0x1D>93NTVS | 01.07.2021 17:15:19
010478001142050421K7C<U)(<0x1D>93NTVS | 01.07.2021 17:15:19
010478001142050421K7C<U)(<0x1D>93NTVS | 01.07.2021 17:15:19
010478001142050421K7C<U)(<0x1D>93NTVS | 01.07.2021 17:15:19
010478001142050421K7C<U)(<0x1D>93NTVS | 01.07.2021 17:15:19
010478001142050421K7C<U)(<0x1D>93NTVS | 01.07.2021 17:15:20
010478001142050421K7C<U)(<0x1D>93NTVS | 01.07.2021 17:15:20
010478001142050421K7C<U)(<0x1D>93NTVS | 01.07.2021 17:15:20
010478001142050421K7C<U)(<0x1D>93NTVS | 01.07.2021 17:15:20
010478001142050421K7C<U)(<0x1D>93NTVS | 01.07.2021 17:15:20
010478001142050421K7C<U)(<0x1D>93NTVS | 01.07.2021 17:15:21
010478001142050421K7C<U)(<0x1D>93NTVS | 01.07.2021 17:15:21
010478001142050421K7C<U)(<0x1D>93NTVS | 01.07.2021 17:15:21
010478001142050421K7C<U)(<0x1D>93NTVS | 01.07.2021 17:15:21
010478001142050421K7C<U)(<0x1D>93NTVS | 01.07.2021 17:15:21
010478001142050421K7C<U)(<0x1D>93NTVS | 01.07.2021 17:15:22
010478001142050421K7C<U)(<0x1D>93NTVS | 01.07.2021 17:15:22
010478001142050421K7C<U)(<0x1D>93NTVS | 01.07.2021 17:15:22
010478001142050421K7C<U)(<0x1D>93NTVS | 01.07.2021 17:15:22
010478001142050421K7C<U)(<0x1D>93NTVS | 01.07.2021 17:15:22
010478001142050421K7C<U)(<0x1D>93NTVS | 01.07.2021 17:15:23
010478001142050421K7C<U)(<0x1D>93NTVS | 01.07.2021 17:15:23
010478001142050421K7C<U)(<0x1D>93NTVS | 01.07.2021 17:15:23
010478001142050421K7C<U)(<0x1D>93NTVS | 01.07.2021 17:15:23
010478001142050421K7C<U)(<0x1D>93NTVS | 01.07.2021 17:15:23
010478001142050421K7C<U)(<0x1D>93NTVS | 01.07.2021 17:15:24
010478001142050421K7C<U)(<0x1D>93NTVS | 01.07.2021 17:15:24
010478001142050421K7C<U)(<0x1D>93NTVS | 01.07.2021 17:15:24
010478001142050421UCb>tom<0x1D>93UkJH | 01.07.2021 17:15:24
010478001142050421UCb>tom<0x1D>93UkJH | 01.07.2021 17:15:25
010478001142050421tAGIFlp<0x1D>93OHpt | 01.07.2021 17:15:25
010478001142050421K7C<U)(<0x1D>93NTVS | 01.07.2021 17:15:25
010478001142050421K7C<U)(<0x1D>93NTVS | 01.07.2021 17:15:25
010478001142050421K7C<U)(<0x1D>93NTVS | 01.07.2021 17:15:25
010478001142050421K7C<U)(<0x1D>93NTVS | 01.07.2021 17:15:25
010478001142050421K7C<U)(<0x1D>93NTVS | 01.07.2021 17:15:26
010478001142050421K7C<U)(<0x1D>93NTVS | 01.07.2021 17:15:26
010478001142050421K7C<U)(<0x1D>93NTVS | 01.07.2021 17:15:26
010478001142050421K7C<U)(<0x1D>93NTVS | 01.07.2021 17:15:26
010478001142050421K7C<U)(<0x1D>93NTVS | 01.07.2021 17:15:26
010478001142050421K7C<U)(<0x1D>93NTVS | 01.07.2021 17:15:27
010478001142050421K7C<U)(<0x1D>93NTVS | 01.07.2021 17:15:27
010478001142050421K7C<U)(<0x1D>93NTVS | 01.07.2021 17:15:27
010478001142050421K7C<U)(<0x1D>93NTVS | 01.07.2021 17:15:27
010478001142050421K7C<U)(<0x1D>93NTVS | 01.07.2021 17:15:28
010478001142050421K7C<U)(<0x1D>93NTVS | 01.07.2021 17:15:28
010478001142050421K7C<U)(<0x1D>93NTVS | 01.07.2021 17:15:28
010478001142050421K7C<U)(<0x1D>93NTVS | 01.07.2021 17:15:28
010478001142050421K7C<U)(<0x1D>93NTVS | 01.07.2021 17:15:28
010478001142050421K7C<U)(<0x1D>93NTVS | 01.07.2021 17:15:29
010478001142050421K7C<U)(<0x1D>93NTVS | 01.07.2021 17:15:29
010478001142050421K7C<U)(<0x1D>93NTVS | 01.07.2021 17:15:29
010478001142050421K7C<U)(<0x1D>93NTVS | 01.07.2021 17:15:29
010478001142050421K7C<U)(<0x1D>93NTVS | 01.07.2021 17:15:29
010478001142050421K7C<U)(<0x1D>93NTVS | 01.07.2021 17:15:30
010478001142050421K7C<U)(<0x1D>93NTVS | 01.07.2021 17:15:30
010478001142050421K7C<U)(<0x1D>93NTVS | 01.07.2021 17:15:30
010478001142050421K7C<U)(<0x1D>93NTVS | 01.07.2021 17:15:30
010478001142050421K7C<U)(<0x1D>93NTVS | 01.07.2021 17:15:30
010478001142050421K7C<U)(<0x1D>93NTVS | 01.07.2021 17:15:31
010478001142050421K7C<U)(<0x1D>93NTVS | 01.07.2021 17:15:31
010478001142050421K7C<U)(<0x1D>93NTVS | 01.07.2021 17:15:31
010478001142050421K7C<U)(<0x1D>93NTVS | 01.07.2021 17:15:31
010478001142050421K7C<U)(<0x1D>93NTVS | 01.07.2021 17:15:31
010478001142050421K7C<U)(<0x1D>93NTVS | 01.07.2021 17:15:32
010478001142050421K7C<U)(<0x1D>93NTVS | 01.07.2021 17:15:32
010478001142050421K7C<U)(<0x1D>93NTVS | 01.07.2021 17:15:32
010478001142050421K7C<U)(<0x1D>93NTVS | 01.07.2021 17:15:32
010478001142050421K7C<U)(<0x1D>93NTVS | 01.07.2021 17:15:32
010478001142050421K7C<U)(<0x1D>93NTVS | 01.07.2021 17:15:33
010478001142050421K7C<U)(<0x1D>93NTVS | 01.07.2021 17:15:33
010478001142050421UCb>tom<0x1D>93UkJH | 01.07.2021 17:15:33
010478001142050421K7C<U)(<0x1D>93NTVS | 01.07.2021 17:15:33
010478001142050421K7C<U)(<0x1D>93NTVS | 01.07.2021 17:15:33
010478001142050421UCb>tom<0x1D>93UkJH | 01.07.2021 17:15:34
010478001142050421UCb>tom<0x1D>93UkJH | 01.07.2021 17:15:34
010478001142050421ukmIoKi<0x1D>93VVRP | 01.07.2021 17:15:34
010478001142050421dqT<J(o<0x1D>93aTJ1 | 01.07.2021 17:15:34
010478001142050421iw(ZVQI<0x1D>93eW0z | 01.07.2021 17:15:35
010478001142050421iw(ZVQI<0x1D>93eW0z | 01.07.2021 17:15:35
010478001142050421iw(ZVQI<0x1D>93eW0z | 01.07.2021 17:15:35
010478001142050421_P7hROO<0x1D>93bS9m | 01.07.2021 17:15:35
010478001142050421_P7hROO<0x1D>93bS9m | 01.07.2021 17:15:35
010478001142050421ukmIoKi<0x1D>93VVRP | 01.07.2021 17:15:36
010478001142050421ukmIoKi<0x1D>93VVRP | 01.07.2021 17:15:36
010478001142050421_P7hROO<0x1D>93bS9m | 01.07.2021 17:15:36
010478001142050421ukmIoKi<0x1D>93VVRP | 01.07.2021 17:15:36
010478001142050421_P7hROO<0x1D>93bS9m | 01.07.2021 17:15:36
010478001142050421ukmIoKi<0x1D>93VVRP | 01.07.2021 17:15:37
010478001142050421ukmIoKi<0x1D>93VVRP | 01.07.2021 17:15:37
010478001142050421_P7hROO<0x1D>93bS9m | 01.07.2021 17:15:37
010478001142050421iw(ZVQI<0x1D>93eW0z | 01.07.2021 17:15:37
010478001142050421_P7hROO<0x1D>93bS9m | 01.07.2021 17:15:37
010478001142050421_P7hROO<0x1D>93bS9m | 01.07.2021 17:15:38
010478001142050421_P7hROO<0x1D>93bS9m | 01.07.2021 17:15:38
010478001142050421_P7hROO<0x1D>93bS9m | 01.07.2021 17:15:38
010478001142050421_P7hROO<0x1D>93bS9m | 01.07.2021 17:15:38
010478001142050421_P7hROO<0x1D>93bS9m | 01.07.2021 17:15:38
010478001142050421_P7hROO<0x1D>93bS9m | 01.07.2021 17:15:39
010478001142050421_P7hROO<0x1D>93bS9m | 01.07.2021 17:15:39
010478001142050421_P7hROO<0x1D>93bS9m | 01.07.2021 17:15:39
010478001142050421_P7hROO<0x1D>93bS9m | 01.07.2021 17:15:39
010478001142050421_P7hROO<0x1D>93bS9m | 01.07.2021 17:15:39
010478001142050421_P7hROO<0x1D>93bS9m | 01.07.2021 17:15:40
010478001142050421_P7hROO<0x1D>93bS9m | 01.07.2021 17:15:40
010478001142050421_P7hROO<0x1D>93bS9m | 01.07.2021 17:15:40
010478001142050421_P7hROO<0x1D>93bS9m | 01.07.2021 17:15:40
010478001142050421_P7hROO<0x1D>93bS9m | 01.07.2021 17:15:40
010478001142050421_P7hROO<0x1D>93bS9m | 01.07.2021 17:15:41
010478001142050421_P7hROO<0x1D>93bS9m | 01.07.2021 17:15:41
010478001142050421_P7hROO<0x1D>93bS9m | 01.07.2021 17:15:41
010478001142050421_P7hROO<0x1D>93bS9m | 01.07.2021 17:15:41
010478001142050421_P7hROO<0x1D>93bS9m | 01.07.2021 17:15:41
010478001142050421_P7hROO<0x1D>93bS9m | 01.07.2021 17:15:42
010478001142050421_P7hROO<0x1D>93bS9m | 01.07.2021 17:15:42
010478001142050421_P7hROO<0x1D>93bS9m | 01.07.2021 17:15:42
010478001142050421_P7hROO<0x1D>93bS9m | 01.07.2021 17:15:42
010478001142050421_P7hROO<0x1D>93bS9m | 01.07.2021 17:15:42
010478001142050421_P7hROO<0x1D>93bS9m | 01.07.2021 17:15:43
010478001142050421_P7hROO<0x1D>93bS9m | 01.07.2021 17:15:43
010478001142050421_P7hROO<0x1D>93bS9m | 01.07.2021 17:15:43
010478001142050421_P7hROO<0x1D>93bS9m | 01.07.2021 17:15:43
010478001142050421_P7hROO<0x1D>93bS9m | 01.07.2021 17:15:43
010478001142050421_P7hROO<0x1D>93bS9m | 01.07.2021 17:15:44
010478001142050421_P7hROO<0x1D>93bS9m | 01.07.2021 17:15:44
010478001142050421_P7hROO<0x1D>93bS9m | 01.07.2021 17:15:44
010478001142050421_P7hROO<0x1D>93bS9m | 01.07.2021 17:15:44
010478001142050421_P7hROO<0x1D>93bS9m | 01.07.2021 17:15:44
010478001142050421_P7hROO<0x1D>93bS9m | 01.07.2021 17:15:45
010478001142050421_P7hROO<0x1D>93bS9m | 01.07.2021 17:15:45
010478001142050421_P7hROO<0x1D>93bS9m | 01.07.2021 17:15:45
010478001142050421_P7hROO<0x1D>93bS9m | 01.07.2021 17:15:45
010478001142050421_P7hROO<0x1D>93bS9m | 01.07.2021 17:15:45
010478001142050421_P7hROO<0x1D>93bS9m | 01.07.2021 17:15:46
010478001142050421_P7hROO<0x1D>93bS9m | 01.07.2021 17:15:46
010478001142050421_P7hROO<0x1D>93bS9m | 01.07.2021 17:15:46
010478001142050421_P7hROO<0x1D>93bS9m | 01.07.2021 17:15:46
010478001142050421_P7hROO<0x1D>93bS9m | 01.07.2021 17:15:46
010478001142050421_P7hROO<0x1D>93bS9m | 01.07.2021 17:15:47
010478001142050421_P7hROO<0x1D>93bS9m | 01.07.2021 17:15:47
010478001142050421_P7hROO<0x1D>93bS9m | 01.07.2021 17:15:47
010478001142050421_P7hROO<0x1D>93bS9m | 01.07.2021 17:15:47
010478001142050421_P7hROO<0x1D>93bS9m | 01.07.2021 17:15:47
010478001142050421_P7hROO<0x1D>93bS9m | 01.07.2021 17:15:48
010478001142050421_P7hROO<0x1D>93bS9m | 01.07.2021 17:15:48
010478001142050421_P7hROO<0x1D>93bS9m | 01.07.2021 17:15:48
010478001142050421_P7hROO<0x1D>93bS9m | 01.07.2021 17:15:48
010478001142050421_P7hROO<0x1D>93bS9m | 01.07.2021 17:15:48
010478001142050421_P7hROO<0x1D>93bS9m | 01.07.2021 17:15:49
010478001142050421_P7hROO<0x1D>93bS9m | 01.07.2021 17:15:49
010478001142050421_P7hROO<0x1D>93bS9m | 01.07.2021 17:15:49
010478001142050421_P7hROO<0x1D>93bS9m | 01.07.2021 17:15:49
010478001142050421_P7hROO<0x1D>93bS9m | 01.07.2021 17:15:49
010478001142050421_P7hROO<0x1D>93bS9m | 01.07.2021 17:15:50
010478001142050421_P7hROO<0x1D>93bS9m | 01.07.2021 17:15:50
010478001142050421_P7hROO<0x1D>93bS9m | 01.07.2021 17:15:50
010478001142050421_P7hROO<0x1D>93bS9m | 01.07.2021 17:15:50
010478001142050421_P7hROO<0x1D>93bS9m | 01.07.2021 17:15:50
010478001142050421_P7hROO<0x1D>93bS9m | 01.07.2021 17:15:51
010478001142050421_P7hROO<0x1D>93bS9m | 01.07.2021 17:15:51
010478001142050421_P7hROO<0x1D>93bS9m | 01.07.2021 17:15:51
010478001142050421_P7hROO<0x1D>93bS9m | 01.07.2021 17:15:51
010478001142050421_P7hROO<0x1D>93bS9m | 01.07.2021 17:15:51
010478001142050421_P7hROO<0x1D>93bS9m | 01.07.2021 17:15:52
010478001142050421_P7hROO<0x1D>93bS9m | 01.07.2021 17:15:52
010478001142050421_P7hROO<0x1D>93bS9m | 01.07.2021 17:15:52
010478001142050421_P7hROO<0x1D>93bS9m | 01.07.2021 17:15:52
010478001142050421_P7hROO<0x1D>93bS9m | 01.07.2021 17:15:52
010478001142050421_P7hROO<0x1D>93bS9m | 01.07.2021 17:15:53
010478001142050421_P7hROO<0x1D>93bS9m | 01.07.2021 17:15:53
010478001142050421_P7hROO<0x1D>93bS9m | 01.07.2021 17:15:53
010478001142050421_P7hROO<0x1D>93bS9m | 01.07.2021 17:15:53
010478001142050421_P7hROO<0x1D>93bS9m | 01.07.2021 17:15:53
010478001142050421_P7hROO<0x1D>93bS9m | 01.07.2021 17:15:54
010478001142050421_P7hROO<0x1D>93bS9m | 01.07.2021 17:15:54
010478001142050421_P7hROO<0x1D>93bS9m | 01.07.2021 17:15:54
010478001142050421_P7hROO<0x1D>93bS9m | 01.07.2021 17:15:54
010478001142050421_P7hROO<0x1D>93bS9m | 01.07.2021 17:15:54
010478001142050421_P7hROO<0x1D>93bS9m | 01.07.2021 17:15:55
010478001142050421_P7hROO<0x1D>93bS9m | 01.07.2021 17:15:55
010478001142050421_P7hROO<0x1D>93bS9m | 01.07.2021 17:15:55
010478001142050421_P7hROO<0x1D>93bS9m | 01.07.2021 17:15:55
010478001142050421_P7hROO<0x1D>93bS9m | 01.07.2021 17:15:55
010478001142050421_P7hROO<0x1D>93bS9m | 01.07.2021 17:15:56
010478001142050421_P7hROO<0x1D>93bS9m | 01.07.2021 17:15:56
010478001142050421_P7hROO<0x1D>93bS9m | 01.07.2021 17:15:56
010478001142050421_P7hROO<0x1D>93bS9m | 01.07.2021 17:15:56
010478001142050421_P7hROO<0x1D>93bS9m | 01.07.2021 17:15:56
010478001142050421_P7hROO<0x1D>93bS9m | 01.07.2021 17:15:57
010478001142050421_P7hROO<0x1D>93bS9m | 01.07.2021 17:15:57
010478001142050421_P7hROO<0x1D>93bS9m | 01.07.2021 17:15:57
010478001142050421_P7hROO<0x1D>93bS9m | 01.07.2021 17:15:57
010478001142050421_P7hROO<0x1D>93bS9m | 01.07.2021 17:15:57
010478001142050421_P7hROO<0x1D>93bS9m | 01.07.2021 17:15:58
010478001142050421_P7hROO<0x1D>93bS9m | 01.07.2021 17:15:58
010478001142050421_P7hROO<0x1D>93bS9m | 01.07.2021 17:15:58
010478001142050421_P7hROO<0x1D>93bS9m | 01.07.2021 17:15:58
010478001142050421_P7hROO<0x1D>93bS9m | 01.07.2021 17:15:58
010478001142050421_P7hROO<0x1D>93bS9m | 01.07.2021 17:15:59
010478001142050421_P7hROO<0x1D>93bS9m | 01.07.2021 17:15:59
010478001142050421_P7hROO<0x1D>93bS9m | 01.07.2021 17:15:59
010478001142050421_P7hROO<0x1D>93bS9m | 01.07.2021 17:15:59
010478001142050421_P7hROO<0x1D>93bS9m | 01.07.2021 17:15:59
010478001142050421_P7hROO<0x1D>93bS9m | 01.07.2021 17:16:00
010478001142050421_P7hROO<0x1D>93bS9m | 01.07.2021 17:16:00
010478001142050421_P7hROO<0x1D>93bS9m | 01.07.2021 17:16:00
010478001142050421_P7hROO<0x1D>93bS9m | 01.07.2021 17:16:00
010478001142050421_P7hROO<0x1D>93bS9m | 01.07.2021 17:16:00
010478001142050421_P7hROO<0x1D>93bS9m | 01.07.2021 17:16:01
010478001142050421iw(ZVQI<0x1D>93eW0z | 01.07.2021 17:16:01
010478001142050421iw(ZVQI<0x1D>93eW0z | 01.07.2021 17:16:01
010478001142050421_P7hROO<0x1D>93bS9m | 01.07.2021 17:16:01
010478001142050421_P7hROO<0x1D>93bS9m | 01.07.2021 17:16:01
010478001142050421iw(ZVQI<0x1D>93eW0z | 01.07.2021 17:16:02
010478001142050421J=S8:-G<0x1D>93clRh | 01.07.2021 17:16:02
010478001142050421dqT<J(o<0x1D>93aTJ1 | 01.07.2021 17:16:02
010478001142050421dqT<J(o<0x1D>93aTJ1 | 01.07.2021 17:16:03
010478001142050421dqT<J(o<0x1D>93aTJ1 | 01.07.2021 17:16:03
010478001142050421(iuQKX7<0x1D>93VGZV | 01.07.2021 17:16:03
010478001142050421(iuQKX7<0x1D>93VGZV | 01.07.2021 17:16:03
010478001142050421(iuQKX7<0x1D>93VGZV | 01.07.2021 17:16:04
010478001142050421(iuQKX7<0x1D>93VGZV | 01.07.2021 17:16:04
010478001142050421dcLg2:g<0x1D>93V2dp | 01.07.2021 17:16:04
010478001142050421dcLg2:g<0x1D>93V2dp | 01.07.2021 17:16:04
010478001142050421(iuQKX7<0x1D>93VGZV | 01.07.2021 17:16:05
010478001142050421(iuQKX7<0x1D>93VGZV | 01.07.2021 17:16:05
010478001142050421(iuQKX7<0x1D>93VGZV | 01.07.2021 17:16:05
010478001142050421+oC/XrV<0x1D>93eXk0 | 01.07.2021 17:16:06
010478001142050421(iuQKX7<0x1D>93VGZV | 01.07.2021 17:16:07
010478001142050421(iuQKX7<0x1D>93VGZV | 01.07.2021 17:16:07
010478001142050421ichgK1e<0x1D>93bnhl | 01.07.2021 17:16:07
010478001142050421ichgK1e<0x1D>93bnhl | 01.07.2021 17:16:07
010478001142050421uceKETz<0x1D>93WGRM | 01.07.2021 17:16:08
010478001142050421Pta.OA1<0x1D>93ekMr | 01.07.2021 17:16:09
010478001142050421N-BnilC<0x1D>93VVV4 | 01.07.2021 17:16:11
010478001142050421K7C<U)(<0x1D>93NTVS | 01.07.2021 17:16:11
010478001142050421K7C<U)(<0x1D>93NTVS | 01.07.2021 17:16:12
010478001142050421K7C<U)(<0x1D>93NTVS | 01.07.2021 17:16:12
010478001142050421K7C<U)(<0x1D>93NTVS | 01.07.2021 17:16:12
010478001142050421K7C<U)(<0x1D>93NTVS | 01.07.2021 17:16:12
010478001142050421+oC/XrV<0x1D>93eXk0 | 01.07.2021 17:16:12
010478001142050421+oC/XrV<0x1D>93eXk0 | 01.07.2021 17:16:13
010478001142050421;HQsRk)<0x1D>93alhi | 01.07.2021 17:16:13
010478001142050421;HQsRk)<0x1D>93alhi | 01.07.2021 17:16:13
010478001142050421;HQsRk)<0x1D>93alhi | 01.07.2021 17:16:13
010478001142050421;HQsRk)<0x1D>93alhi | 01.07.2021 17:16:13
010478001142050421:a(KJbu<0x1D>93WElQ | 01.07.2021 17:16:14
010478001142050421p1kDd(t<0x1D>93Smtn | 01.07.2021 17:16:14
010478001142050421;HQsRk)<0x1D>93alhi | 01.07.2021 17:16:14
010478001142050421:a(KJbu<0x1D>93WElQ | 01.07.2021 17:16:14
010478001142050421eNdUC2O<0x1D>93dGdt | 01.07.2021 17:16:14
010478001142050421E%ZqvV6<0x1D>93MlJS | 01.07.2021 17:16:15
010478001142050421E%ZqvV6<0x1D>93MlJS | 01.07.2021 17:16:15
010478001142050421E%ZqvV6<0x1D>93MlJS | 01.07.2021 17:16:15
010478001142050421E%ZqvV6<0x1D>93MlJS | 01.07.2021 17:16:15
010478001142050421E%ZqvV6<0x1D>93MlJS | 01.07.2021 17:16:15
010478001142050421E%ZqvV6<0x1D>93MlJS | 01.07.2021 17:16:16
010478001142050421Fu;Tbpw<0x1D>93TWFC | 01.07.2021 17:16:16
010478001142050421Fu;Tbpw<0x1D>93TWFC | 01.07.2021 17:16:16
010478001142050421Fu;Tbpw<0x1D>93TWFC | 01.07.2021 17:16:16
010478001142050421Fu;Tbpw<0x1D>93TWFC | 01.07.2021 17:16:16
010478001142050421Fu;Tbpw<0x1D>93TWFC | 01.07.2021 17:16:17
010478001142050421Fu;Tbpw<0x1D>93TWFC | 01.07.2021 17:16:17
010478001142050421Fu;Tbpw<0x1D>93TWFC | 01.07.2021 17:16:17
010478001142050421Fu;Tbpw<0x1D>93TWFC | 01.07.2021 17:16:17
010478001142050421Fu;Tbpw<0x1D>93TWFC | 01.07.2021 17:16:17
010478001142050421Fu;Tbpw<0x1D>93TWFC | 01.07.2021 17:16:18
010478001142050421kFWPbW><0x1D>93S2xz | 01.07.2021 17:16:18
010478001142050421OH3Looh<0x1D>93K1Zi | 01.07.2021 17:16:18
010478001142050421OH3Looh<0x1D>93K1Zi | 01.07.2021 17:16:18
010478001142050421kFWPbW><0x1D>93S2xz | 01.07.2021 17:16:18
010478001142050421Fu;Tbpw<0x1D>93TWFC | 01.07.2021 17:16:19
010478001142050421Fu;Tbpw<0x1D>93TWFC | 01.07.2021 17:16:19
010478001142050421E%ZqvV6<0x1D>93MlJS | 01.07.2021 17:16:19
010478001142050421E%ZqvV6<0x1D>93MlJS | 01.07.2021 17:16:19
010478001142050421;HQsRk)<0x1D>93alhi | 01.07.2021 17:16:19
010478001142050421eNdUC2O<0x1D>93dGdt | 01.07.2021 17:16:20
010478001142050421eNdUC2O<0x1D>93dGdt | 01.07.2021 17:16:20
010478001142050421;HQsRk)<0x1D>93alhi | 01.07.2021 17:16:20
010478001142050421eNdUC2O<0x1D>93dGdt | 01.07.2021 17:16:20
010478001142050421eNdUC2O<0x1D>93dGdt | 01.07.2021 17:16:20
010478001142050421eNdUC2O<0x1D>93dGdt | 01.07.2021 17:16:21
010478001142050421eNdUC2O<0x1D>93dGdt | 01.07.2021 17:16:21
010478001142050421eNdUC2O<0x1D>93dGdt | 01.07.2021 17:16:21
010478001142050421;HQsRk)<0x1D>93alhi | 01.07.2021 17:16:21
010478001142050421;HQsRk)<0x1D>93alhi | 01.07.2021 17:16:21
010478001142050421:a(KJbu<0x1D>93WElQ | 01.07.2021 17:16:22
010478001142050421nmQ:OoC<0x1D>93NnRr | 01.07.2021 17:16:22
010478001142050421nmQ:OoC<0x1D>93NnRr | 01.07.2021 17:16:22
010478001142050421ff9SCNp<0x1D>93aEVL | 01.07.2021 17:16:22
010478001142050421ff9SCNp<0x1D>93aEVL | 01.07.2021 17:16:23
010478001142050421p1kDd(t<0x1D>93Smtn | 01.07.2021 17:16:23
010478001142050421ff9SCNp<0x1D>93aEVL | 01.07.2021 17:16:23
010478001142050421ff9SCNp<0x1D>93aEVL | 01.07.2021 17:16:23
010478001142050421ff9SCNp<0x1D>93aEVL | 01.07.2021 17:16:23
010478001142050421ff9SCNp<0x1D>93aEVL | 01.07.2021 17:16:24
010478001142050421ff9SCNp<0x1D>93aEVL | 01.07.2021 17:16:24
010478001142050421ff9SCNp<0x1D>93aEVL | 01.07.2021 17:16:24
010478001142050421ff9SCNp<0x1D>93aEVL | 01.07.2021 17:16:24
010478001142050421ff9SCNp<0x1D>93aEVL | 01.07.2021 17:16:24
010478001142050421ff9SCNp<0x1D>93aEVL | 01.07.2021 17:16:25
010478001142050421ff9SCNp<0x1D>93aEVL | 01.07.2021 17:16:25
010478001142050421ff9SCNp<0x1D>93aEVL | 01.07.2021 17:16:25
010478001142050421ff9SCNp<0x1D>93aEVL | 01.07.2021 17:16:25
010478001142050421ff9SCNp<0x1D>93aEVL | 01.07.2021 17:16:25
010478001142050421ff9SCNp<0x1D>93aEVL | 01.07.2021 17:16:26
010478001142050421ff9SCNp<0x1D>93aEVL | 01.07.2021 17:16:26
010478001142050421IdPzoC:<0x1D>93NHBJ | 01.07.2021 17:16:26
010478001142050421IdPzoC:<0x1D>93NHBJ | 01.07.2021 17:16:26
010478001142050421IdPzoC:<0x1D>93NHBJ | 01.07.2021 17:16:26
010478001142050421IdPzoC:<0x1D>93NHBJ | 01.07.2021 17:16:27
010478001142050421IdPzoC:<0x1D>93NHBJ | 01.07.2021 17:16:27
010478001142050421IdPzoC:<0x1D>93NHBJ | 01.07.2021 17:16:27
010478001142050421IdPzoC:<0x1D>93NHBJ | 01.07.2021 17:16:27
010478001142050421IdPzoC:<0x1D>93NHBJ | 01.07.2021 17:16:27
010478001142050421:%Jxvib<0x1D>93cWVL | 01.07.2021 17:16:28
010478001142050421ZNY0,fg<0x1D>93aWh0 | 01.07.2021 17:16:28
010478001142050421q"F!a7M<0x1D>93NXRu | 01.07.2021 17:16:28
010478001142050421:%Jxvib<0x1D>93cWVL | 01.07.2021 17:16:28
010478001142050421q"F!a7M<0x1D>93NXRu | 01.07.2021 17:16:28
010478001142050421:%Jxvib<0x1D>93cWVL | 01.07.2021 17:16:29
010478001142050421q"F!a7M<0x1D>93NXRu | 01.07.2021 17:16:29
010478001142050421q"F!a7M<0x1D>93NXRu | 01.07.2021 17:16:29
010478001142050421:%Jxvib<0x1D>93cWVL | 01.07.2021 17:16:29
010478001142050421ZNY0,fg<0x1D>93aWh0 | 01.07.2021 17:16:29
010478001142050421q"F!a7M<0x1D>93NXRu | 01.07.2021 17:16:30
010478001142050421:%Jxvib<0x1D>93cWVL | 01.07.2021 17:16:30
010478001142050421:%Jxvib<0x1D>93cWVL | 01.07.2021 17:16:30
010478001142050421nBEW_K+<0x1D>93QWQ5 | 01.07.2021 17:16:30
010478001142050421q"F!a7M<0x1D>93NXRu | 01.07.2021 17:16:31
010478001142050421:%Jxvib<0x1D>93cWVL | 01.07.2021 17:16:31
010478001142050421:%Jxvib<0x1D>93cWVL | 01.07.2021 17:16:31
010478001142050421efzVhcM<0x1D>93ZlF5 | 01.07.2021 17:16:31
010478001142050421t9lGunI<0x1D>93dmg3 | 01.07.2021 17:16:31
010478001142050421efzVhcM<0x1D>93ZlF5 | 01.07.2021 17:16:32
010478001142050421q"F!a7M<0x1D>93NXRu | 01.07.2021 17:16:32
010478001142050421nBEW_K+<0x1D>93QWQ5 | 01.07.2021 17:16:32
010478001142050421:%Jxvib<0x1D>93cWVL | 01.07.2021 17:16:32
010478001142050421:%Jxvib<0x1D>93cWVL | 01.07.2021 17:16:32
010478001142050421t9lGunI<0x1D>93dmg3 | 01.07.2021 17:16:33
010478001142050421t9lGunI<0x1D>93dmg3 | 01.07.2021 17:16:33
010478001142050421t9lGunI<0x1D>93dmg3 | 01.07.2021 17:16:33
010478001142050421q"F!a7M<0x1D>93NXRu | 01.07.2021 17:16:33
010478001142050421q"F!a7M<0x1D>93NXRu | 01.07.2021 17:16:33
010478001142050421nBEW_K+<0x1D>93QWQ5 | 01.07.2021 17:16:34
010478001142050421nBEW_K+<0x1D>93QWQ5 | 01.07.2021 17:16:34
010478001142050421egP!>TF<0x1D>93WkZZ | 01.07.2021 17:16:34
010478001142050421t9lGunI<0x1D>93dmg3 | 01.07.2021 17:16:34
010478001142050421nBEW_K+<0x1D>93QWQ5 | 01.07.2021 17:16:34
010478001142050421t9lGunI<0x1D>93dmg3 | 01.07.2021 17:16:35
010478001142050421efzVhcM<0x1D>93ZlF5 | 01.07.2021 17:16:35
010478001142050421nBEW_K+<0x1D>93QWQ5 | 01.07.2021 17:16:35
010478001142050421t9lGunI<0x1D>93dmg3 | 01.07.2021 17:16:35
010478001142050421t9lGunI<0x1D>93dmg3 | 01.07.2021 17:16:35
010478001142050421efzVhcM<0x1D>93ZlF5 | 01.07.2021 17:16:36
010478001142050421efzVhcM<0x1D>93ZlF5 | 01.07.2021 17:16:36
010478001142050421efzVhcM<0x1D>93ZlF5 | 01.07.2021 17:16:36
010478001142050421t9lGunI<0x1D>93dmg3 | 01.07.2021 17:16:37
010478001142050421efzVhcM<0x1D>93ZlF5 | 01.07.2021 17:16:37
010478001142050421efzVhcM<0x1D>93ZlF5 | 01.07.2021 17:16:39
010478001142050421t9lGunI<0x1D>93dmg3 | 01.07.2021 17:16:39
010478001142050421efzVhcM<0x1D>93ZlF5 | 01.07.2021 17:16:39
010478001142050421efzVhcM<0x1D>93ZlF5 | 01.07.2021 17:16:39
010478001142050421efzVhcM<0x1D>93ZlF5 | 01.07.2021 17:16:40
010478001142050421efzVhcM<0x1D>93ZlF5 | 01.07.2021 17:16:40
010478001142050421_ch0ZPP<0x1D>93TCt0 | 01.07.2021 17:16:40
010478001142050421H.!BGDr<0x1D>93K2JD | 01.07.2021 17:16:40
010478001142050421H.!BGDr<0x1D>93K2JD | 01.07.2021 17:16:40
010478001142050421NDl!WLC<0x1D>93eDZh | 01.07.2021 17:16:41
010478001142050421H.!BGDr<0x1D>93K2JD | 01.07.2021 17:16:41
010478001142050421H.!BGDr<0x1D>93K2JD | 01.07.2021 17:16:41
010478001142050421H.!BGDr<0x1D>93K2JD | 01.07.2021 17:16:41
010478001142050421H.!BGDr<0x1D>93K2JD | 01.07.2021 17:16:41
010478001142050421H.!BGDr<0x1D>93K2JD | 01.07.2021 17:16:42
010478001142050421H.!BGDr<0x1D>93K2JD | 01.07.2021 17:16:42
010478001142050421H.!BGDr<0x1D>93K2JD | 01.07.2021 17:16:42
010478001142050421H.!BGDr<0x1D>93K2JD | 01.07.2021 17:16:42
010478001142050421H.!BGDr<0x1D>93K2JD | 01.07.2021 17:16:42
010478001142050421H.!BGDr<0x1D>93K2JD | 01.07.2021 17:16:43
010478001142050421H.!BGDr<0x1D>93K2JD | 01.07.2021 17:16:43
010478001142050421H.!BGDr<0x1D>93K2JD | 01.07.2021 17:16:43
010478001142050421H.!BGDr<0x1D>93K2JD | 01.07.2021 17:16:43
010478001142050421H.!BGDr<0x1D>93K2JD | 01.07.2021 17:16:43
010478001142050421H.!BGDr<0x1D>93K2JD | 01.07.2021 17:16:44
0104780011420504219Ay9=%C<0x1D>93RjU4 | 01.07.2021 17:16:44
0104780011420504219Ay9=%C<0x1D>93RjU4 | 01.07.2021 17:16:44
010478001142050421uQwzXrT<0x1D>93dGZu | 01.07.2021 17:16:44
0104780011420504219Ay9=%C<0x1D>93RjU4 | 01.07.2021 17:16:44
0104780011420504219Ay9=%C<0x1D>93RjU4 | 01.07.2021 17:16:45
010478001142050421IS;XBs1<0x1D>93OXhN | 01.07.2021 17:16:45
010478001142050421IS;XBs1<0x1D>93OXhN | 01.07.2021 17:16:45
010478001142050421X.2ha%g<0x1D>93WXdG | 01.07.2021 17:16:45
010478001142050421IS;XBs1<0x1D>93OXhN | 01.07.2021 17:16:46
010478001142050421pAjvo2K<0x1D>93YUMw | 01.07.2021 17:16:46
010478001142050421pAjvo2K<0x1D>93YUMw | 01.07.2021 17:16:46
010478001142050421BVE5Kpn<0x1D>93RUI4 | 01.07.2021 17:16:46
010478001142050421BVE5Kpn<0x1D>93RUI4 | 01.07.2021 17:16:46
010478001142050421pAjvo2K<0x1D>93YUMw | 01.07.2021 17:16:47
010478001142050421BVE5Kpn<0x1D>93RUI4 | 01.07.2021 17:16:47
010478001142050421pAjvo2K<0x1D>93YUMw | 01.07.2021 17:16:47
010478001142050421BVE5Kpn<0x1D>93RUI4 | 01.07.2021 17:16:47
010478001142050421pAjvo2K<0x1D>93YUMw | 01.07.2021 17:16:47
010478001142050421IS;XBs1<0x1D>93OXhN | 01.07.2021 17:16:48
010478001142050421BVE5Kpn<0x1D>93RUI4 | 01.07.2021 17:16:48
010478001142050421(nj3KZT<0x1D>93UFA0 | 01.07.2021 17:16:49
010478001142050421pAjvo2K<0x1D>93YUMw | 01.07.2021 17:16:49
010478001142050421N-BnilC<0x1D>93VVV4 | 01.07.2021 17:16:49
010478001142050421D&?uF>O<0x1D>93YUtI | 01.07.2021 17:16:50
010478001142050421dHifBHf<0x1D>93OGV5 | 01.07.2021 17:16:50
010478001142050421dHifBHf<0x1D>93OGV5 | 01.07.2021 17:16:50
010478001142050421ttskqd*<0x1D>93bmdC | 01.07.2021 17:16:50
010478001142050421dHifBHf<0x1D>93OGV5 | 01.07.2021 17:16:50
010478001142050421ttskqd*<0x1D>93bmdC | 01.07.2021 17:16:51
010478001142050421ttskqd*<0x1D>93bmdC | 01.07.2021 17:16:51
010478001142050421dHifBHf<0x1D>93OGV5 | 01.07.2021 17:16:51
0104780011420504218lwwuBp<0x1D>93YlVZ | 01.07.2021 17:16:51
0104780011420504218lwwuBp<0x1D>93YlVZ | 01.07.2021 17:16:51
0104780011420504218lwwuBp<0x1D>93YlVZ | 01.07.2021 17:16:52
0104780011420504218lwwuBp<0x1D>93YlVZ | 01.07.2021 17:16:52
0104780011420504218lwwuBp<0x1D>93YlVZ | 01.07.2021 17:16:52
010478001142050421ttskqd*<0x1D>93bmdC | 01.07.2021 17:16:52
010478001142050421D&?uF>O<0x1D>93YUtI | 01.07.2021 17:16:52
0104780011420504218lwwuBp<0x1D>93YlVZ | 01.07.2021 17:16:53
0104780011420504218lwwuBp<0x1D>93YlVZ | 01.07.2021 17:16:53
0104780011420504218lwwuBp<0x1D>93YlVZ | 01.07.2021 17:16:53
0104780011420504218lwwuBp<0x1D>93YlVZ | 01.07.2021 17:16:53
0104780011420504218lwwuBp<0x1D>93YlVZ | 01.07.2021 17:16:53
010478001142050421D&?uF>O<0x1D>93YUtI | 01.07.2021 17:16:54
0104780011420504218lwwuBp<0x1D>93YlVZ | 01.07.2021 17:16:54
0104780011420504218lwwuBp<0x1D>93YlVZ | 01.07.2021 17:16:54
0104780011420504218lwwuBp<0x1D>93YlVZ | 01.07.2021 17:16:54
0104780011420504218lwwuBp<0x1D>93YlVZ | 01.07.2021 17:16:54
010478001142050421D&?uF>O<0x1D>93YUtI | 01.07.2021 17:16:55
010478001142050421D&?uF>O<0x1D>93YUtI | 01.07.2021 17:16:55
010478001142050421D&?uF>O<0x1D>93YUtI | 01.07.2021 17:16:55
010478001142050421D&?uF>O<0x1D>93YUtI | 01.07.2021 17:16:55
010478001142050421D&?uF>O<0x1D>93YUtI | 01.07.2021 17:16:55
010478001142050421D&?uF>O<0x1D>93YUtI | 01.07.2021 17:16:56
010478001142050421N-BnilC<0x1D>93VVV4 | 01.07.2021 17:16:56
010478001142050421M3IXPQ/<0x1D>93ZDhn | 01.07.2021 17:16:56
010478001142050421r0Y8BEY<0x1D>93ZnlJ | 01.07.2021 17:16:56
010478001142050421sBIluaC<0x1D>93THBt | 01.07.2021 17:16:56
010478001142050421D_Tdqf7<0x1D>93dXlh | 01.07.2021 17:16:57
010478001142050421D_Tdqf7<0x1D>93dXlh | 01.07.2021 17:16:57
010478001142050421sBIluaC<0x1D>93THBt | 01.07.2021 17:16:57
010478001142050421r0Y8BEY<0x1D>93ZnlJ | 01.07.2021 17:16:57
010478001142050421sBIluaC<0x1D>93THBt | 01.07.2021 17:16:57
010478001142050421r0Y8BEY<0x1D>93ZnlJ | 01.07.2021 17:16:58
010478001142050421r0Y8BEY<0x1D>93ZnlJ | 01.07.2021 17:16:58
010478001142050421r0Y8BEY<0x1D>93ZnlJ | 01.07.2021 17:16:58
010478001142050421r0Y8BEY<0x1D>93ZnlJ | 01.07.2021 17:16:58
010478001142050421r0Y8BEY<0x1D>93ZnlJ | 01.07.2021 17:16:58
010478001142050421r0Y8BEY<0x1D>93ZnlJ | 01.07.2021 17:16:59
010478001142050421sBIluaC<0x1D>93THBt | 01.07.2021 17:16:59
010478001142050421r0Y8BEY<0x1D>93ZnlJ | 01.07.2021 17:16:59
010478001142050421r0Y8BEY<0x1D>93ZnlJ | 01.07.2021 17:16:59
010478001142050421r0Y8BEY<0x1D>93ZnlJ | 01.07.2021 17:16:59
010478001142050421r0Y8BEY<0x1D>93ZnlJ | 01.07.2021 17:17:00
010478001142050421D&?uF>O<0x1D>93YUtI | 01.07.2021 17:17:00
010478001142050421D&?uF>O<0x1D>93YUtI | 01.07.2021 17:17:00
010478001142050421r0Y8BEY<0x1D>93ZnlJ | 01.07.2021 17:17:00
010478001142050421r0Y8BEY<0x1D>93ZnlJ | 01.07.2021 17:17:00
010478001142050421sBIluaC<0x1D>93THBt | 01.07.2021 17:17:01
010478001142050421D_Tdqf7<0x1D>93dXlh | 01.07.2021 17:17:01
010478001142050421sBIluaC<0x1D>93THBt | 01.07.2021 17:17:02
010478001142050421r0Y8BEY<0x1D>93ZnlJ | 01.07.2021 17:17:02
010478001142050421sBIluaC<0x1D>93THBt | 01.07.2021 17:17:02
010478001142050421sBIluaC<0x1D>93THBt | 01.07.2021 17:17:02
010478001142050421r0Y8BEY<0x1D>93ZnlJ | 01.07.2021 17:17:02
010478001142050421sBIluaC<0x1D>93THBt | 01.07.2021 17:17:03
010478001142050421sBIluaC<0x1D>93THBt | 01.07.2021 17:17:03
010478001142050421sBIluaC<0x1D>93THBt | 01.07.2021 17:17:03
010478001142050421sBIluaC<0x1D>93THBt | 01.07.2021 17:17:03
010478001142050421r0Y8BEY<0x1D>93ZnlJ | 01.07.2021 17:17:03
010478001142050421M3IXPQ/<0x1D>93ZDhn | 01.07.2021 17:17:04
010478001142050421D&?uF>O<0x1D>93YUtI | 01.07.2021 17:17:04
010478001142050421r0Y8BEY<0x1D>93ZnlJ | 01.07.2021 17:17:04
010478001142050421r0Y8BEY<0x1D>93ZnlJ | 01.07.2021 17:17:04
010478001142050421M3IXPQ/<0x1D>93ZDhn | 01.07.2021 17:17:05
010478001142050421M3IXPQ/<0x1D>93ZDhn | 01.07.2021 17:17:05
010478001142050421N-BnilC<0x1D>93VVV4 | 01.07.2021 17:17:05
010478001142050421N-BnilC<0x1D>93VVV4 | 01.07.2021 17:17:05
010478001142050421N-BnilC<0x1D>93VVV4 | 01.07.2021 17:17:05
010478001142050421N-BnilC<0x1D>93VVV4 | 01.07.2021 17:17:06
010478001142050421N-BnilC<0x1D>93VVV4 | 01.07.2021 17:17:06
010478001142050421N-BnilC<0x1D>93VVV4 | 01.07.2021 17:17:06
010478001142050421N-BnilC<0x1D>93VVV4 | 01.07.2021 17:17:06
010478001142050421N-BnilC<0x1D>93VVV4 | 01.07.2021 17:17:06
010478001142050421N-BnilC<0x1D>93VVV4 | 01.07.2021 17:17:07
010478001142050421N-BnilC<0x1D>93VVV4 | 01.07.2021 17:17:07
010478001142050421N-BnilC<0x1D>93VVV4 | 01.07.2021 17:17:07
010478001142050421N-BnilC<0x1D>93VVV4 | 01.07.2021 17:17:07
010478001142050421D&?uF>O<0x1D>93YUtI | 01.07.2021 17:17:08
010478001142050421D&?uF>O<0x1D>93YUtI | 01.07.2021 17:17:08
010478001142050421D&?uF>O<0x1D>93YUtI | 01.07.2021 17:17:08
010478001142050421D&?uF>O<0x1D>93YUtI | 01.07.2021 17:17:08
010478001142050421M3IXPQ/<0x1D>93ZDhn | 01.07.2021 17:17:09
010478001142050421M3IXPQ/<0x1D>93ZDhn | 01.07.2021 17:17:09
010478001142050421M3IXPQ/<0x1D>93ZDhn | 01.07.2021 17:17:09
010478001142050421M3IXPQ/<0x1D>93ZDhn | 01.07.2021 17:17:09
010478001142050421D&?uF>O<0x1D>93YUtI | 01.07.2021 17:17:09
010478001142050421M3IXPQ/<0x1D>93ZDhn | 01.07.2021 17:17:10
010478001142050421M3IXPQ/<0x1D>93ZDhn | 01.07.2021 17:17:10
010478001142050421M3IXPQ/<0x1D>93ZDhn | 01.07.2021 17:17:10
010478001142050421M3IXPQ/<0x1D>93ZDhn | 01.07.2021 17:17:10
010478001142050421D&?uF>O<0x1D>93YUtI | 01.07.2021 17:17:10
010478001142050421M3IXPQ/<0x1D>93ZDhn | 01.07.2021 17:17:11
010478001142050421M3IXPQ/<0x1D>93ZDhn | 01.07.2021 17:17:11
010478001142050421M3IXPQ/<0x1D>93ZDhn | 01.07.2021 17:17:11
010478001142050421D&?uF>O<0x1D>93YUtI | 01.07.2021 17:17:11
010478001142050421M3IXPQ/<0x1D>93ZDhn | 01.07.2021 17:17:11
010478001142050421M3IXPQ/<0x1D>93ZDhn | 01.07.2021 17:17:12
010478001142050421M3IXPQ/<0x1D>93ZDhn | 01.07.2021 17:17:12
010478001142050421D&?uF>O<0x1D>93YUtI | 01.07.2021 17:17:12
010478001142050421M3IXPQ/<0x1D>93ZDhn | 01.07.2021 17:17:12
010478001142050421M3IXPQ/<0x1D>93ZDhn | 01.07.2021 17:17:12
010478001142050421M3IXPQ/<0x1D>93ZDhn | 01.07.2021 17:17:13
010478001142050421M3IXPQ/<0x1D>93ZDhn | 01.07.2021 17:17:13
010478001142050421M3IXPQ/<0x1D>93ZDhn | 01.07.2021 17:17:13
010478001142050421M3IXPQ/<0x1D>93ZDhn | 01.07.2021 17:17:13
010478001142050421M3IXPQ/<0x1D>93ZDhn | 01.07.2021 17:17:13
010478001142050421M3IXPQ/<0x1D>93ZDhn | 01.07.2021 17:17:14
010478001142050421D&?uF>O<0x1D>93YUtI | 01.07.2021 17:17:14
010478001142050421D&?uF>O<0x1D>93YUtI | 01.07.2021 17:17:14
010478001142050421D&?uF>O<0x1D>93YUtI | 01.07.2021 17:17:14
010478001142050421D&?uF>O<0x1D>93YUtI | 01.07.2021 17:17:14
010478001142050421D&?uF>O<0x1D>93YUtI | 01.07.2021 17:17:15
010478001142050421D&?uF>O<0x1D>93YUtI | 01.07.2021 17:17:15
010478001142050421M3IXPQ/<0x1D>93ZDhn | 01.07.2021 17:17:15
010478001142050421M3IXPQ/<0x1D>93ZDhn | 01.07.2021 17:17:15
010478001142050421M3IXPQ/<0x1D>93ZDhn | 01.07.2021 17:17:15
010478001142050421M3IXPQ/<0x1D>93ZDhn | 01.07.2021 17:17:16
010478001142050421D&?uF>O<0x1D>93YUtI | 01.07.2021 17:17:16
010478001142050421D&?uF>O<0x1D>93YUtI | 01.07.2021 17:17:16
010478001142050421D&?uF>O<0x1D>93YUtI | 01.07.2021 17:17:16
010478001142050421D&?uF>O<0x1D>93YUtI | 01.07.2021 17:17:16
010478001142050421D&?uF>O<0x1D>93YUtI | 01.07.2021 17:17:17
010478001142050421D&?uF>O<0x1D>93YUtI | 01.07.2021 17:17:17
010478001142050421D&?uF>O<0x1D>93YUtI | 01.07.2021 17:17:17
010478001142050421D&?uF>O<0x1D>93YUtI | 01.07.2021 17:17:17
010478001142050421D&?uF>O<0x1D>93YUtI | 01.07.2021 17:17:17
010478001142050421D&?uF>O<0x1D>93YUtI | 01.07.2021 17:17:18
010478001142050421D&?uF>O<0x1D>93YUtI | 01.07.2021 17:17:18
010478001142050421D&?uF>O<0x1D>93YUtI | 01.07.2021 17:17:18
010478001142050421D&?uF>O<0x1D>93YUtI | 01.07.2021 17:17:18
010478001142050421D&?uF>O<0x1D>93YUtI | 01.07.2021 17:17:18
010478001142050421D&?uF>O<0x1D>93YUtI | 01.07.2021 17:17:19
010478001142050421D&?uF>O<0x1D>93YUtI | 01.07.2021 17:17:19
010478001142050421D&?uF>O<0x1D>93YUtI | 01.07.2021 17:17:19
010478001142050421M3IXPQ/<0x1D>93ZDhn | 01.07.2021 17:17:19
010478001142050421D&?uF>O<0x1D>93YUtI | 01.07.2021 17:17:19
010478001142050421D&?uF>O<0x1D>93YUtI | 01.07.2021 17:17:20
010478001142050421D&?uF>O<0x1D>93YUtI | 01.07.2021 17:17:20
010478001142050421D&?uF>O<0x1D>93YUtI | 01.07.2021 17:17:20
010478001142050421D&?uF>O<0x1D>93YUtI | 01.07.2021 17:17:20
010478001142050421D&?uF>O<0x1D>93YUtI | 01.07.2021 17:17:20
010478001142050421D&?uF>O<0x1D>93YUtI | 01.07.2021 17:17:21
010478001142050421D&?uF>O<0x1D>93YUtI | 01.07.2021 17:17:21
010478001142050421D&?uF>O<0x1D>93YUtI | 01.07.2021 17:17:21
010478001142050421M3IXPQ/<0x1D>93ZDhn | 01.07.2021 17:17:21
010478001142050421M3IXPQ/<0x1D>93ZDhn | 01.07.2021 17:17:21
010478001142050421M3IXPQ/<0x1D>93ZDhn | 01.07.2021 17:17:22
010478001142050421D&?uF>O<0x1D>93YUtI | 01.07.2021 17:17:22
010478001142050421M3IXPQ/<0x1D>93ZDhn | 01.07.2021 17:17:22
010478001142050421D&?uF>O<0x1D>93YUtI | 01.07.2021 17:17:22
010478001142050421D&?uF>O<0x1D>93YUtI | 01.07.2021 17:17:22
010478001142050421D&?uF>O<0x1D>93YUtI | 01.07.2021 17:17:23
010478001142050421D&?uF>O<0x1D>93YUtI | 01.07.2021 17:17:23
010478001142050421D&?uF>O<0x1D>93YUtI | 01.07.2021 17:17:23
010478001142050421D&?uF>O<0x1D>93YUtI | 01.07.2021 17:17:23
010478001142050421D&?uF>O<0x1D>93YUtI | 01.07.2021 17:17:23
010478001142050421D&?uF>O<0x1D>93YUtI | 01.07.2021 17:17:24
010478001142050421D&?uF>O<0x1D>93YUtI | 01.07.2021 17:17:24
010478001142050421D&?uF>O<0x1D>93YUtI | 01.07.2021 17:17:24
010478001142050421D&?uF>O<0x1D>93YUtI | 01.07.2021 17:17:24
010478001142050421D&?uF>O<0x1D>93YUtI | 01.07.2021 17:17:24
010478001142050421D&?uF>O<0x1D>93YUtI | 01.07.2021 17:17:25
010478001142050421D&?uF>O<0x1D>93YUtI | 01.07.2021 17:17:25
010478001142050421D&?uF>O<0x1D>93YUtI | 01.07.2021 17:17:25
010478001142050421D&?uF>O<0x1D>93YUtI | 01.07.2021 17:17:25
010478001142050421D&?uF>O<0x1D>93YUtI | 01.07.2021 17:17:25
010478001142050421D&?uF>O<0x1D>93YUtI | 01.07.2021 17:17:26
010478001142050421D&?uF>O<0x1D>93YUtI | 01.07.2021 17:17:26
010478001142050421D&?uF>O<0x1D>93YUtI | 01.07.2021 17:17:26
010478001142050421D&?uF>O<0x1D>93YUtI | 01.07.2021 17:17:26
010478001142050421D&?uF>O<0x1D>93YUtI | 01.07.2021 17:17:26
010478001142050421D&?uF>O<0x1D>93YUtI | 01.07.2021 17:17:27
010478001142050421D&?uF>O<0x1D>93YUtI | 01.07.2021 17:17:27
010478001142050421D&?uF>O<0x1D>93YUtI | 01.07.2021 17:17:27
010478001142050421D&?uF>O<0x1D>93YUtI | 01.07.2021 17:17:27
010478001142050421D&?uF>O<0x1D>93YUtI | 01.07.2021 17:17:27
010478001142050421D&?uF>O<0x1D>93YUtI | 01.07.2021 17:17:28
010478001142050421D&?uF>O<0x1D>93YUtI | 01.07.2021 17:17:28
010478001142050421D&?uF>O<0x1D>93YUtI | 01.07.2021 17:17:28
010478001142050421D&?uF>O<0x1D>93YUtI | 01.07.2021 17:17:28
010478001142050421D&?uF>O<0x1D>93YUtI | 01.07.2021 17:17:28
010478001142050421D&?uF>O<0x1D>93YUtI | 01.07.2021 17:17:29
010478001142050421D&?uF>O<0x1D>93YUtI | 01.07.2021 17:17:29
010478001142050421D&?uF>O<0x1D>93YUtI | 01.07.2021 17:17:29
010478001142050421D&?uF>O<0x1D>93YUtI | 01.07.2021 17:17:29
010478001142050421D&?uF>O<0x1D>93YUtI | 01.07.2021 17:17:29
010478001142050421D&?uF>O<0x1D>93YUtI | 01.07.2021 17:17:30
010478001142050421D&?uF>O<0x1D>93YUtI | 01.07.2021 17:17:30
010478001142050421D&?uF>O<0x1D>93YUtI | 01.07.2021 17:17:30
010478001142050421D&?uF>O<0x1D>93YUtI | 01.07.2021 17:17:30
010478001142050421D&?uF>O<0x1D>93YUtI | 01.07.2021 17:17:30
010478001142050421D&?uF>O<0x1D>93YUtI | 01.07.2021 17:17:31
010478001142050421D&?uF>O<0x1D>93YUtI | 01.07.2021 17:17:31
010478001142050421D&?uF>O<0x1D>93YUtI | 01.07.2021 17:17:31
010478001142050421D&?uF>O<0x1D>93YUtI | 01.07.2021 17:17:31
010478001142050421D&?uF>O<0x1D>93YUtI | 01.07.2021 17:17:31
010478001142050421D&?uF>O<0x1D>93YUtI | 01.07.2021 17:17:32
010478001142050421D&?uF>O<0x1D>93YUtI | 01.07.2021 17:17:32
010478001142050421D&?uF>O<0x1D>93YUtI | 01.07.2021 17:17:32
010478001142050421D&?uF>O<0x1D>93YUtI | 01.07.2021 17:17:32
010478001142050421D&?uF>O<0x1D>93YUtI | 01.07.2021 17:17:32
010478001142050421D&?uF>O<0x1D>93YUtI | 01.07.2021 17:17:33
010478001142050421D&?uF>O<0x1D>93YUtI | 01.07.2021 17:17:33
010478001142050421D&?uF>O<0x1D>93YUtI | 01.07.2021 17:17:33
010478001142050421D&?uF>O<0x1D>93YUtI | 01.07.2021 17:17:33
010478001142050421D&?uF>O<0x1D>93YUtI | 01.07.2021 17:17:33
010478001142050421D&?uF>O<0x1D>93YUtI | 01.07.2021 17:17:34
010478001142050421D&?uF>O<0x1D>93YUtI | 01.07.2021 17:17:34
010478001142050421D&?uF>O<0x1D>93YUtI | 01.07.2021 17:17:34
010478001142050421D&?uF>O<0x1D>93YUtI | 01.07.2021 17:17:34
010478001142050421D&?uF>O<0x1D>93YUtI | 01.07.2021 17:17:34
010478001142050421D&?uF>O<0x1D>93YUtI | 01.07.2021 17:17:35
010478001142050421D&?uF>O<0x1D>93YUtI | 01.07.2021 17:17:35
010478001142050421D&?uF>O<0x1D>93YUtI | 01.07.2021 17:17:35
010478001142050421D&?uF>O<0x1D>93YUtI | 01.07.2021 17:17:35
010478001142050421D&?uF>O<0x1D>93YUtI | 01.07.2021 17:17:36
010478001142050421D&?uF>O<0x1D>93YUtI | 01.07.2021 17:17:36
010478001142050421D&?uF>O<0x1D>93YUtI | 01.07.2021 17:17:36
010478001142050421D&?uF>O<0x1D>93YUtI | 01.07.2021 17:17:36
010478001142050421D&?uF>O<0x1D>93YUtI | 01.07.2021 17:17:36
010478001142050421D&?uF>O<0x1D>93YUtI | 01.07.2021 17:17:37
010478001142050421D&?uF>O<0x1D>93YUtI | 01.07.2021 17:17:37
010478001142050421D&?uF>O<0x1D>93YUtI | 01.07.2021 17:17:37
010478001142050421D&?uF>O<0x1D>93YUtI | 01.07.2021 17:17:37
010478001142050421D&?uF>O<0x1D>93YUtI | 01.07.2021 17:17:37
010478001142050421D&?uF>O<0x1D>93YUtI | 01.07.2021 17:17:37
010478001142050421D&?uF>O<0x1D>93YUtI | 01.07.2021 17:17:38
010478001142050421D&?uF>O<0x1D>93YUtI | 01.07.2021 17:17:38
010478001142050421D&?uF>O<0x1D>93YUtI | 01.07.2021 17:17:38
010478001142050421D&?uF>O<0x1D>93YUtI | 01.07.2021 17:17:38
010478001142050421D&?uF>O<0x1D>93YUtI | 01.07.2021 17:17:38
010478001142050421D&?uF>O<0x1D>93YUtI | 01.07.2021 17:17:39
010478001142050421D&?uF>O<0x1D>93YUtI | 01.07.2021 17:17:39
010478001142050421D&?uF>O<0x1D>93YUtI | 01.07.2021 17:17:39
010478001142050421D&?uF>O<0x1D>93YUtI | 01.07.2021 17:17:39
010478001142050421D&?uF>O<0x1D>93YUtI | 01.07.2021 17:17:40
010478001142050421D&?uF>O<0x1D>93YUtI | 01.07.2021 17:17:40
010478001142050421D&?uF>O<0x1D>93YUtI | 01.07.2021 17:17:40
010478001142050421D&?uF>O<0x1D>93YUtI | 01.07.2021 17:17:40
010478001142050421D&?uF>O<0x1D>93YUtI | 01.07.2021 17:17:40
010478001142050421D&?uF>O<0x1D>93YUtI | 01.07.2021 17:17:41
010478001142050421D&?uF>O<0x1D>93YUtI | 01.07.2021 17:17:41
010478001142050421D&?uF>O<0x1D>93YUtI | 01.07.2021 17:17:41
010478001142050421D&?uF>O<0x1D>93YUtI | 01.07.2021 17:17:41
010478001142050421D&?uF>O<0x1D>93YUtI | 01.07.2021 17:17:41
010478001142050421D&?uF>O<0x1D>93YUtI | 01.07.2021 17:17:42
010478001142050421D&?uF>O<0x1D>93YUtI | 01.07.2021 17:17:42
010478001142050421D&?uF>O<0x1D>93YUtI | 01.07.2021 17:17:42
010478001142050421D&?uF>O<0x1D>93YUtI | 01.07.2021 17:17:42
010478001142050421D&?uF>O<0x1D>93YUtI | 01.07.2021 17:17:42
010478001142050421D&?uF>O<0x1D>93YUtI | 01.07.2021 17:17:43
010478001142050421D&?uF>O<0x1D>93YUtI | 01.07.2021 17:17:43
010478001142050421D&?uF>O<0x1D>93YUtI | 01.07.2021 17:17:43
010478001142050421D&?uF>O<0x1D>93YUtI | 01.07.2021 17:17:43
010478001142050421D&?uF>O<0x1D>93YUtI | 01.07.2021 17:17:43
010478001142050421D&?uF>O<0x1D>93YUtI | 01.07.2021 17:17:44
010478001142050421D&?uF>O<0x1D>93YUtI | 01.07.2021 17:17:44
010478001142050421D&?uF>O<0x1D>93YUtI | 01.07.2021 17:17:44
010478001142050421D&?uF>O<0x1D>93YUtI | 01.07.2021 17:17:44
010478001142050421D&?uF>O<0x1D>93YUtI | 01.07.2021 17:17:44
010478001142050421D&?uF>O<0x1D>93YUtI | 01.07.2021 17:17:45
