010478001142050421D_Tdqf7<0x1D>93dXlh | 16.06.2021 20:20:59
010478001142050421sBIluaC<0x1D>93THBt | 16.06.2021 20:20:59
010478001142050421D_Tdqf7<0x1D>93dXlh | 16.06.2021 20:21:00
010478001142050421D_Tdqf7<0x1D>93dXlh | 16.06.2021 20:21:00
010478001142050421sBIluaC<0x1D>93THBt | 16.06.2021 20:21:00
010478001142050421H.!BGDr<0x1D>93K2JD | 16.06.2021 20:21:00
010478001142050421H.!BGDr<0x1D>93K2JD | 16.06.2021 20:21:00
010478001142050421_ch0ZPP<0x1D>93TCt0 | 16.06.2021 20:21:01
010478001142050421NDl!WLC<0x1D>93eDZh | 16.06.2021 20:21:02
010478001142050421sBIluaC<0x1D>93THBt | 16.06.2021 20:21:02
010478001142050421egP!>TF<0x1D>93WkZZ | 16.06.2021 20:21:02
010478001142050421D&?uF>O<0x1D>93YUtI | 16.06.2021 20:21:02
010478001142050421r0Y8BEY<0x1D>93ZnlJ | 16.06.2021 20:21:02
010478001142050421egP!>TF<0x1D>93WkZZ | 16.06.2021 20:25:06
010478001142050421BVE5Kpn<0x1D>93RUI4 | 16.06.2021 20:25:13
010478001142050421Z"tD1aW<0x1D>93SEli | 16.06.2021 20:26:46
010478001142050421IS;XBs1<0x1D>93OXhN | 16.06.2021 20:26:52
010478001142050421uQwzXrT<0x1D>93dGZu | 16.06.2021 20:27:40
010478001142050421X.2ha%g<0x1D>93WXdG | 16.06.2021 20:27:41
010478001142050421BVE5Kpn<0x1D>93RUI4 | 16.06.2021 20:27:41
010478001142050421BVE5Kpn<0x1D>93RUI4 | 16.06.2021 20:27:41
010478001142050421pAjvo2K<0x1D>93YUMw | 16.06.2021 20:27:41
010478001142050421Z"tD1aW<0x1D>93SEli | 16.06.2021 20:27:41
010478001142050421/*jNKBN<0x1D>93dU4w | 16.06.2021 20:27:42
010478001142050421dHifBHf<0x1D>93OGV5 | 16.06.2021 20:27:42
010478001142050421/*jNKBN<0x1D>93dU4w | 16.06.2021 20:27:42
010478001142050421ttskqd*<0x1D>93bmdC | 16.06.2021 20:27:42
010478001142050421+oC/XrV<0x1D>93eXk0 | 16.06.2021 20:27:42
010478001142050421N-BnilC<0x1D>93VVV4 | 16.06.2021 20:27:43
010478001142050421N-BnilC<0x1D>93VVV4 | 16.06.2021 20:27:43
010478001142050421M3IXPQ/<0x1D>93ZDhn | 16.06.2021 20:27:43
010478001142050421M3IXPQ/<0x1D>93ZDhn | 16.06.2021 20:27:43
010478001142050421D&?uF>O<0x1D>93YUtI | 16.06.2021 20:27:43
010478001142050421r0Y8BEY<0x1D>93ZnlJ | 16.06.2021 20:27:44
010478001142050421D_Tdqf7<0x1D>93dXlh | 16.06.2021 20:27:44
010478001142050421_ch0ZPP<0x1D>93TCt0 | 16.06.2021 20:27:44
010478001142050421D_Tdqf7<0x1D>93dXlh | 16.06.2021 20:27:45
0104780011420504219Ay9=%C<0x1D>93RjU4 | 16.06.2021 20:27:49
010478001142050421uQwzXrT<0x1D>93dGZu | 16.06.2021 20:27:49
010478001142050421X.2ha%g<0x1D>93WXdG | 16.06.2021 20:27:50
010478001142050421/*jNKBN<0x1D>93dU4w | 16.06.2021 20:27:50
010478001142050421ttskqd*<0x1D>93bmdC | 16.06.2021 20:27:50
010478001142050421ttskqd*<0x1D>93bmdC | 16.06.2021 20:27:50
010478001142050421ttskqd*<0x1D>93bmdC | 16.06.2021 20:27:50
0104780011420504218lwwuBp<0x1D>93YlVZ | 16.06.2021 20:27:51
010478001142050421+oC/XrV<0x1D>93eXk0 | 16.06.2021 20:27:51
010478001142050421+oC/XrV<0x1D>93eXk0 | 16.06.2021 20:27:51
010478001142050421M3IXPQ/<0x1D>93ZDhn | 16.06.2021 20:27:51
010478001142050421D&?uF>O<0x1D>93YUtI | 16.06.2021 20:27:51
010478001142050421M3IXPQ/<0x1D>93ZDhn | 16.06.2021 20:27:52
010478001142050421M3IXPQ/<0x1D>93ZDhn | 16.06.2021 20:27:52
010478001142050421D&?uF>O<0x1D>93YUtI | 16.06.2021 20:27:52
010478001142050421Jtno8qG<0x1D>93aWdV | 16.06.2021 20:27:52
010478001142050421sBIluaC<0x1D>93THBt | 16.06.2021 20:27:52
010478001142050421r0Y8BEY<0x1D>93ZnlJ | 16.06.2021 20:27:53
010478001142050421D_Tdqf7<0x1D>93dXlh | 16.06.2021 20:27:53
010478001142050421_ch0ZPP<0x1D>93TCt0 | 16.06.2021 20:27:53
010478001142050421H.!BGDr<0x1D>93K2JD | 16.06.2021 20:27:53
010478001142050421H.!BGDr<0x1D>93K2JD | 16.06.2021 20:27:53
010478001142050421NDl!WLC<0x1D>93eDZh | 16.06.2021 20:27:54
010478001142050421NDl!WLC<0x1D>93eDZh | 16.06.2021 20:27:54
010478001142050421D_Tdqf7<0x1D>93dXlh | 16.06.2021 20:27:54
010478001142050421r0Y8BEY<0x1D>93ZnlJ | 16.06.2021 20:27:54
010478001142050421Jtno8qG<0x1D>93aWdV | 16.06.2021 20:27:54
010478001142050421uQwzXrT<0x1D>93dGZu | 16.06.2021 20:27:56
010478001142050421uQwzXrT<0x1D>93dGZu | 16.06.2021 20:27:56
010478001142050421(nj3KZT<0x1D>93UFA0 | 16.06.2021 20:27:56
010478001142050421efzVhcM<0x1D>93ZlF5 | 16.06.2021 20:27:56
010478001142050421efzVhcM<0x1D>93ZlF5 | 16.06.2021 20:27:57
010478001142050421(nj3KZT<0x1D>93UFA0 | 16.06.2021 20:27:57
